#
# There is insufficient memory for the Java Runtime Environment to continue.
# Native memory allocation (malloc) failed to allocate 1356336 bytes for Chunk::new
# Possible reasons:
#   The system is out of physical RAM or swap space
#   The process is running with CompressedOops enabled, and the Java Heap may be blocking the growth of the native heap
# Possible solutions:
#   Reduce memory load on the system
#   Increase physical memory or swap space
#   Check if swap backing store is full
#   Decrease Java heap size (-Xmx/-Xms)
#   Decrease number of Java threads
#   Decrease Java thread stack sizes (-Xss)
#   Set larger code cache with -XX:ReservedCodeCacheSize=
#   JVM is running with Unscaled Compressed Oops mode in which the Java heap is
#     placed in the first 4GB address space. The Java Heap base address is the
#     maximum limit for the native heap growth. Please use -XX:HeapBaseMinAddress
#     to set the Java Heap base and to place the Java Heap above 4GB virtual address.
# This output file may be truncated or incomplete.
#
#  Out of Memory Error (allocation.cpp:389), pid=18532, tid=0x0000000000002c74
#
# JRE version: Java(TM) SE Runtime Environment (8.0_211-b12) (build 1.8.0_211-b12)
# Java VM: Java HotSpot(TM) 64-Bit Server VM (25.211-b12 mixed mode windows-amd64 compressed oops)
# Failed to write core dump. Minidumps are not enabled by default on client versions of Windows
#

---------------  T H R E A D  ---------------

Current thread (0x0000000015b62800):  JavaThread "C2 CompilerThread1" daemon [_thread_in_native, id=11380, stack(0x0000000016530000,0x0000000016630000)]

Stack: [0x0000000016530000,0x0000000016630000]
[error occurred during error reporting (printing stack bounds), id 0xc0000005]

Native frames: (J=compiled Java code, j=interpreted, Vv=VM code, C=native code)


Current CompileTask:
C2:3780582 22998 % !   4       java.nio.file.Files::walkFileTree @ 22 (355 bytes)


---------------  P R O C E S S  ---------------

Java Threads: ( => current thread )
  0x0000000020037800 JavaThread "WorkerExecutor Queue Thread 11" [_thread_blocked, id=17584, stack(0x00000000317c0000,0x00000000318c0000)]
  0x0000000020035800 JavaThread "ForkJoinPool.commonPool-worker-7" daemon [_thread_blocked, id=20380, stack(0x00000000316c0000,0x00000000317c0000)]
  0x0000000020034800 JavaThread "ForkJoinPool.commonPool-worker-6" daemon [_thread_blocked, id=14640, stack(0x00000000315c0000,0x00000000316c0000)]
  0x0000000020034000 JavaThread "ForkJoinPool.commonPool-worker-5" daemon [_thread_blocked, id=21756, stack(0x00000000314c0000,0x00000000315c0000)]
  0x0000000020033000 JavaThread "ForkJoinPool.commonPool-worker-4" daemon [_thread_blocked, id=11616, stack(0x00000000313c0000,0x00000000314c0000)]
  0x000000002002b800 JavaThread "ForkJoinPool.commonPool-worker-3" daemon [_thread_blocked, id=19364, stack(0x00000000312c0000,0x00000000313c0000)]
  0x000000002002d000 JavaThread "ForkJoinPool.commonPool-worker-2" daemon [_thread_blocked, id=22248, stack(0x00000000311c0000,0x00000000312c0000)]
  0x0000000020031800 JavaThread "ForkJoinPool.commonPool-worker-1" daemon [_thread_blocked, id=1296, stack(0x00000000310c0000,0x00000000311c0000)]
  0x000000002002d800 JavaThread "WorkerExecutor Queue Thread 10" [_thread_blocked, id=19000, stack(0x0000000030fc0000,0x00000000310c0000)]
  0x000000002002c000 JavaThread "Cache worker for Java compile cache (C:\ProjetoRedeOdonto\redeodonto\android\.gradle\5.5\javaCompile)" [_thread_blocked, id=9164, stack(0x0000000030ec0000,0x0000000030fc0000)]
  0x000000002002f000 JavaThread "Cache worker for Java compile cache (C:\Users\Rodrigo\.gradle\caches\5.5\javaCompile)" [_thread_blocked, id=16968, stack(0x0000000030dc0000,0x0000000030ec0000)]
  0x0000000020032800 JavaThread "stdout" [_thread_in_native, id=11676, stack(0x0000000030bc0000,0x0000000030cc0000)]
  0x0000000020030000 JavaThread "stderr" [_thread_in_native, id=15668, stack(0x0000000030ac0000,0x0000000030bc0000)]
  0x0000000018053000 JavaThread "stdout" [_thread_in_native, id=14620, stack(0x00000000309c0000,0x0000000030ac0000)]
  0x0000000018058000 JavaThread "stderr" [_thread_in_native, id=11044, stack(0x00000000308c0000,0x00000000309c0000)]
  0x0000000018056800 JavaThread "stdout" [_thread_in_native, id=3664, stack(0x00000000307c0000,0x00000000308c0000)]
  0x0000000016f5b000 JavaThread "stderr" [_thread_in_native, id=18608, stack(0x00000000306c0000,0x00000000307c0000)]
  0x0000000016f5a800 JavaThread "stdout" [_thread_in_native, id=16236, stack(0x00000000305c0000,0x00000000306c0000)]
  0x0000000016f59800 JavaThread "stderr" [_thread_in_native, id=18320, stack(0x00000000304c0000,0x00000000305c0000)]
  0x0000000016f5e000 JavaThread "stdout" [_thread_in_native, id=1448, stack(0x00000000303c0000,0x00000000304c0000)]
  0x0000000016f5f800 JavaThread "stderr" [_thread_in_native, id=19404, stack(0x00000000302c0000,0x00000000303c0000)]
  0x0000000016f60800 JavaThread "stdout" [_thread_in_native, id=3568, stack(0x00000000301c0000,0x00000000302c0000)]
  0x0000000016f5f000 JavaThread "stderr" [_thread_in_native, id=19812, stack(0x00000000300c0000,0x00000000301c0000)]
  0x0000000016f5d800 JavaThread "pool-25-thread-1" [_thread_blocked, id=18268, stack(0x000000002ffc0000,0x00000000300c0000)]
  0x0000000016f5c800 JavaThread "WorkerExecutor Queue Thread 8" [_thread_blocked, id=15960, stack(0x000000002fec0000,0x000000002ffc0000)]
  0x0000000016a81000 JavaThread "WorkerExecutor Queue Thread 7" [_thread_in_native, id=10968, stack(0x000000002fdc0000,0x000000002fec0000)]
  0x0000000016a7f800 JavaThread "WorkerExecutor Queue Thread 6" [_thread_blocked, id=17632, stack(0x000000002fcc0000,0x000000002fdc0000)]
  0x0000000016a7e800 JavaThread "WorkerExecutor Queue Thread 5" [_thread_blocked, id=19444, stack(0x000000002fbc0000,0x000000002fcc0000)]
  0x0000000016a7d000 JavaThread "WorkerExecutor Queue Thread 4" [_thread_blocked, id=5972, stack(0x000000002fac0000,0x000000002fbc0000)]
  0x0000000016a80000 JavaThread "WorkerExecutor Queue Thread 3" [_thread_blocked, id=6692, stack(0x000000002f9c0000,0x000000002fac0000)]
  0x0000000016a76800 JavaThread "WorkerExecutor Queue" [_thread_blocked, id=11156, stack(0x000000002f7c0000,0x000000002f8c0000)]
  0x0000000016a7b000 JavaThread "Cache worker for execution history cache (C:\ProjetoRedeOdonto\redeodonto\android\.gradle\5.5\executionHistory)" [_thread_blocked, id=20196, stack(0x000000002f6c0000,0x000000002f7c0000)]
  0x0000000016a7a000 JavaThread "Execution worker for ':' Thread 7" [_thread_blocked, id=14644, stack(0x000000002f5c0000,0x000000002f6c0000)]
  0x0000000016a75800 JavaThread "Execution worker for ':' Thread 6" [_thread_blocked, id=18840, stack(0x000000002f4c0000,0x000000002f5c0000)]
  0x0000000016a73800 JavaThread "Execution worker for ':' Thread 5" [_thread_blocked, id=18512, stack(0x000000002f3c0000,0x000000002f4c0000)]
  0x0000000016a72800 JavaThread "Execution worker for ':' Thread 4" [_thread_blocked, id=15284, stack(0x000000002f2c0000,0x000000002f3c0000)]
  0x0000000016a78000 JavaThread "Execution worker for ':' Thread 3" [_thread_blocked, id=19532, stack(0x000000002f1c0000,0x000000002f2c0000)]
  0x0000000016a79800 JavaThread "Execution worker for ':' Thread 2" [_thread_blocked, id=17448, stack(0x000000002f0c0000,0x000000002f1c0000)]
  0x0000000016a75000 JavaThread "Execution worker for ':'" [_thread_blocked, id=17332, stack(0x000000002efc0000,0x000000002f0c0000)]
  0x0000000016a78800 JavaThread "Cache worker for file content cache (C:\ProjetoRedeOdonto\redeodonto\android\.gradle\5.5\fileContent)" [_thread_blocked, id=19752, stack(0x000000002eec0000,0x000000002efc0000)]
  0x0000000019bc4800 JavaThread "Cache worker for file content cache (C:\Users\Rodrigo\.gradle\caches\5.5\fileContent)" [_thread_blocked, id=1740, stack(0x000000002edc0000,0x000000002eec0000)]
  0x0000000019bc5000 JavaThread "Cache worker for Build Output Cleanup Cache (C:\ProjetoRedeOdonto\redeodonto\android\.gradle\buildOutputCleanup)" [_thread_blocked, id=15508, stack(0x000000002ecc0000,0x000000002edc0000)]
  0x0000000019bc3800 JavaThread "Build operations Thread 8" [_thread_blocked, id=21936, stack(0x000000002ebc0000,0x000000002ecc0000)]
  0x0000000019bc3000 JavaThread "Build operations Thread 7" [_thread_blocked, id=15824, stack(0x000000002eac0000,0x000000002ebc0000)]
  0x0000000019bc2000 JavaThread "Build operations Thread 6" [_thread_blocked, id=228, stack(0x000000002e9c0000,0x000000002eac0000)]
  0x0000000019bba800 JavaThread "Build operations Thread 5" [_thread_blocked, id=14492, stack(0x000000002e8c0000,0x000000002e9c0000)]
  0x0000000019bc1800 JavaThread "Build operations Thread 4" [_thread_blocked, id=18824, stack(0x000000002e7c0000,0x000000002e8c0000)]
  0x0000000019bba000 JavaThread "Build operations Thread 3" [_thread_blocked, id=3876, stack(0x000000002e6c0000,0x000000002e7c0000)]
  0x0000000019bc0800 JavaThread "Build operations Thread 2" [_thread_blocked, id=20324, stack(0x000000002e5c0000,0x000000002e6c0000)]
  0x0000000019bc0000 JavaThread "Build operations" [_thread_blocked, id=7268, stack(0x000000002e4c0000,0x000000002e5c0000)]
  0x0000000019bb8800 JavaThread "Cache worker for cache directory md-rule (C:\Users\Rodrigo\.gradle\caches\5.5\md-rule)" [_thread_blocked, id=15400, stack(0x000000002e3c0000,0x000000002e4c0000)]
  0x0000000019bb7800 JavaThread "Cache worker for cache directory md-supplier (C:\Users\Rodrigo\.gradle\caches\5.5\md-supplier)" [_thread_blocked, id=12340, stack(0x000000002e2c0000,0x000000002e3c0000)]
  0x0000000019bb9000 JavaThread "Cache worker for file hash cache (C:\ProjetoRedeOdonto\redeodonto\android\.gradle\5.5\fileHashes)" [_thread_blocked, id=20564, stack(0x000000002e1c0000,0x000000002e2c0000)]
  0x0000000019bbe800 JavaThread "Thread-168" [_thread_blocked, id=14284, stack(0x000000002e0c0000,0x000000002e1c0000)]
  0x0000000019bbb800 JavaThread "Stdin handler" [_thread_blocked, id=22212, stack(0x000000002dfc0000,0x000000002e0c0000)]
  0x0000000019bb7000 JavaThread "Asynchronous log dispatcher for DefaultDaemonConnection: socket connection from /127.0.0.1:58894 to /127.0.0.1:59214" [_thread_blocked, id=16524, stack(0x000000002dec0000,0x000000002dfc0000)]
  0x0000000019bbd800 JavaThread "Daemon worker Thread 5" [_thread_blocked, id=15320, stack(0x000000002ddc0000,0x000000002dec0000)]
  0x0000000019bb6000 JavaThread "Cancel handler" [_thread_blocked, id=2828, stack(0x000000002dcc0000,0x000000002ddc0000)]
  0x0000000019bbd000 JavaThread "Handler for socket connection from /127.0.0.1:58894 to /127.0.0.1:59214" [_thread_in_native, id=18176, stack(0x000000002dbc0000,0x000000002dcc0000)]
  0x0000000019bbc000 JavaThread "Daemon Thread 5" [_thread_blocked, id=4776, stack(0x000000002dac0000,0x000000002dbc0000)]
  0x0000000016a7b800 JavaThread "Memory manager" [_thread_blocked, id=10684, stack(0x0000000021a90000,0x0000000021b90000)]
  0x0000000018059000 JavaThread "Cache worker for execution history cache (C:\Users\Rodrigo\.gradle\caches\5.5\executionHistory)" [_thread_blocked, id=22072, stack(0x000000001e530000,0x000000001e630000)]
  0x0000000018055000 JavaThread "Cache worker for journal cache (C:\Users\Rodrigo\.gradle\caches\journal-1)" [_thread_blocked, id=1444, stack(0x0000000019780000,0x0000000019880000)]
  0x0000000018053800 JavaThread "File lock request listener" [_thread_in_native, id=11332, stack(0x0000000019680000,0x0000000019780000)]
  0x0000000018054800 JavaThread "Cache worker for file hash cache (C:\Users\Rodrigo\.gradle\caches\5.5\fileHashes)" [_thread_blocked, id=20488, stack(0x0000000019580000,0x0000000019680000)]
  0x0000000017c71800 JavaThread "Daemon periodic checks" [_thread_blocked, id=4276, stack(0x0000000018a80000,0x0000000018b80000)]
  0x0000000017c60000 JavaThread "Incoming local TCP Connector on port 58894" [_thread_in_native, id=22380, stack(0x0000000018840000,0x0000000018940000)]
  0x00000000179de000 JavaThread "Daemon health stats" [_thread_blocked, id=10020, stack(0x0000000018200000,0x0000000018300000)]
  0x0000000015bf7000 JavaThread "Service Thread" daemon [_thread_blocked, id=3712, stack(0x0000000016830000,0x0000000016930000)]
  0x0000000015b6b000 JavaThread "C1 CompilerThread3" daemon [_thread_blocked, id=10232, stack(0x0000000016730000,0x0000000016830000)]
  0x0000000015b63000 JavaThread "C2 CompilerThread2" daemon [_thread_blocked, id=16600, stack(0x0000000016630000,0x0000000016730000)]
=>0x0000000015b62800 JavaThread "C2 CompilerThread1" daemon [_thread_in_native, id=11380, stack(0x0000000016530000,0x0000000016630000)]
  0x0000000015b5b800 JavaThread "C2 CompilerThread0" daemon [_thread_blocked, id=4020, stack(0x0000000016430000,0x0000000016530000)]
  0x0000000015b59000 JavaThread "Attach Listener" daemon [_thread_blocked, id=20608, stack(0x0000000016330000,0x0000000016430000)]
  0x0000000015b58000 JavaThread "Signal Dispatcher" daemon [_thread_blocked, id=21728, stack(0x0000000016230000,0x0000000016330000)]
  0x0000000015b51000 JavaThread "Finalizer" daemon [_thread_blocked, id=9616, stack(0x0000000016030000,0x0000000016130000)]
  0x0000000015b50800 JavaThread "Reference Handler" daemon [_thread_blocked, id=21368, stack(0x0000000015f30000,0x0000000016030000)]
  0x0000000002402800 JavaThread "main" [_thread_blocked, id=12712, stack(0x0000000002250000,0x0000000002350000)]

Other Threads:
  0x0000000013d68800 VMThread [stack: 0x0000000015a30000,0x0000000015b30000] [id=21888]
  0x0000000015c2a800 WatcherThread [stack: 0x0000000016930000,0x0000000016a30000] [id=2056]

VM state:not at safepoint (normal execution)

VM Mutex/Monitor currently owned by a thread: None

heap address: 0x00000000e0000000, size: 512 MB, Compressed Oops mode: 32-bit
Narrow klass base: 0x0000000000000000, Narrow klass shift: 3
Compressed class space size: 1073741824 Address: 0x0000000100000000

Heap:
 PSYoungGen      total 129536K, used 101483K [0x00000000f5580000, 0x00000000ffb00000, 0x0000000100000000)
  eden space 91648K, 88% used [0x00000000f5580000,0x00000000fa4c1200,0x00000000faf00000)
  from space 37888K, 53% used [0x00000000fd600000,0x00000000fe9d9a80,0x00000000ffb00000)
  to   space 38912K, 0% used [0x00000000faf00000,0x00000000faf00000,0x00000000fd500000)
 ParOldGen       total 223744K, used 63983K [0x00000000e0000000, 0x00000000eda80000, 0x00000000f5580000)
  object space 223744K, 28% used [0x00000000e0000000,0x00000000e3e7bd00,0x00000000eda80000)
 Metaspace       used 101889K, capacity 108238K, committed 108736K, reserved 1142784K
  class space    used 13362K, capacity 14524K, committed 14824K, reserved 1048576K

Card table byte_map: [0x00000000118c0000,0x00000000119d0000] byte_map_base: 0x00000000111c0000

Marking Bits: (ParMarkBitMap*) 0x0000000063ba5ce0
 Begin Bits: [0x0000000012280000, 0x0000000012a80000)
 End Bits:   [0x0000000012a80000, 0x0000000013280000)

Polling page: 0x0000000002350000

CodeCache: size=245760Kb used=61242Kb max_used=62012Kb free=184517Kb
 bounds [0x0000000002500000, 0x0000000006200000, 0x0000000011500000]
 total_blobs=19467 nmethods=18550 adapters=828
 compilation: enabled

Compilation events (10 events):
Event: 3780.337 Thread 0x0000000015b6b000 nmethod 23046 0x0000000005bcdd10 code [0x0000000005bcde60, 0x0000000005bcdf50]
Event: 3780.337 Thread 0x0000000015b6b000 23047       1       org.gradle.internal.fingerprint.classpath.impl.ClasspathFingerprintingStrategy::access$400 (5 bytes)
Event: 3780.337 Thread 0x0000000015b6b000 nmethod 23047 0x0000000005bd2150 code [0x0000000005bd22a0, 0x0000000005bd2390]
Event: 3780.337 Thread 0x0000000015b6b000 23048       1       org.gradle.internal.fingerprint.classpath.impl.ClasspathFingerprintingStrategy::access$500 (5 bytes)
Event: 3780.337 Thread 0x0000000015b6b000 nmethod 23048 0x0000000005bd1e90 code [0x0000000005bd1fe0, 0x0000000005bd20d0]
Event: 3780.338 Thread 0x0000000015b63000 nmethod 23045 0x0000000005bd0650 code [0x0000000005bd07a0, 0x0000000005bd0898]
Event: 3780.408 Thread 0x0000000015b5b800 23049       4       sun.nio.fs.WindowsPath::getName (47 bytes)
Event: 3780.410 Thread 0x0000000015b5b800 nmethod 23049 0x0000000004354750 code [0x00000000043548c0, 0x0000000004354a78]
Event: 3780.416 Thread 0x0000000015b63000 23050       4       java.util.regex.Pattern$SliceNode::study (37 bytes)
Event: 3780.417 Thread 0x0000000015b63000 nmethod 23050 0x0000000004354450 code [0x00000000043545a0, 0x0000000004354658]

GC Heap History (10 events):
Event: 3771.607 GC heap before
{Heap before GC invocations=40 (full 4):
 PSYoungGen      total 125440K, used 24495K [0x00000000f5580000, 0x0000000100000000, 0x0000000100000000)
  eden space 81408K, 0% used [0x00000000f5580000,0x00000000f5580000,0x00000000fa500000)
  from space 44032K, 55% used [0x00000000fce80000,0x00000000fe66bcf8,0x00000000ff980000)
  to   space 42496K, 0% used [0x00000000fa500000,0x00000000fa500000,0x00000000fce80000)
 ParOldGen       total 178176K, used 74404K [0x00000000e0000000, 0x00000000eae00000, 0x00000000f5580000)
  object space 178176K, 41% used [0x00000000e0000000,0x00000000e48a9178,0x00000000eae00000)
 Metaspace       used 91724K, capacity 98396K, committed 98496K, reserved 1134592K
  class space    used 12099K, capacity 13216K, committed 13288K, reserved 1048576K
Event: 3771.843 GC heap after
Heap after GC invocations=40 (full 4):
 PSYoungGen      total 125440K, used 0K [0x00000000f5580000, 0x0000000100000000, 0x0000000100000000)
  eden space 81408K, 0% used [0x00000000f5580000,0x00000000f5580000,0x00000000fa500000)
  from space 44032K, 0% used [0x00000000fce80000,0x00000000fce80000,0x00000000ff980000)
  to   space 42496K, 0% used [0x00000000fa500000,0x00000000fa500000,0x00000000fce80000)
 ParOldGen       total 223744K, used 63951K [0x00000000e0000000, 0x00000000eda80000, 0x00000000f5580000)
  object space 223744K, 28% used [0x00000000e0000000,0x00000000e3e73d00,0x00000000eda80000)
 Metaspace       used 90648K, capacity 95818K, committed 98496K, reserved 1134592K
  class space    used 11819K, capacity 12780K, committed 13288K, reserved 1048576K
}
Event: 3775.702 GC heap before
{Heap before GC invocations=41 (full 4):
 PSYoungGen      total 125440K, used 81408K [0x00000000f5580000, 0x0000000100000000, 0x0000000100000000)
  eden space 81408K, 100% used [0x00000000f5580000,0x00000000fa500000,0x00000000fa500000)
  from space 44032K, 0% used [0x00000000fce80000,0x00000000fce80000,0x00000000ff980000)
  to   space 42496K, 0% used [0x00000000fa500000,0x00000000fa500000,0x00000000fce80000)
 ParOldGen       total 223744K, used 63951K [0x00000000e0000000, 0x00000000eda80000, 0x00000000f5580000)
  object space 223744K, 28% used [0x00000000e0000000,0x00000000e3e73d00,0x00000000eda80000)
 Metaspace       used 92594K, capacity 97896K, committed 99648K, reserved 1136640K
  class space    used 12020K, capacity 13027K, committed 13416K, reserved 1048576K
Event: 3775.718 GC heap after
Heap after GC invocations=41 (full 4):
 PSYoungGen      total 123904K, used 7454K [0x00000000f5580000, 0x00000000fff80000, 0x0000000100000000)
  eden space 81408K, 0% used [0x00000000f5580000,0x00000000f5580000,0x00000000fa500000)
  from space 42496K, 17% used [0x00000000fa500000,0x00000000fac47888,0x00000000fce80000)
  to   space 43008K, 0% used [0x00000000fd580000,0x00000000fd580000,0x00000000fff80000)
 ParOldGen       total 223744K, used 63959K [0x00000000e0000000, 0x00000000eda80000, 0x00000000f5580000)
  object space 223744K, 28% used [0x00000000e0000000,0x00000000e3e75d00,0x00000000eda80000)
 Metaspace       used 92594K, capacity 97896K, committed 99648K, reserved 1136640K
  class space    used 12020K, capacity 13027K, committed 13416K, reserved 1048576K
}
Event: 3777.282 GC heap before
{Heap before GC invocations=42 (full 4):
 PSYoungGen      total 123904K, used 88862K [0x00000000f5580000, 0x00000000fff80000, 0x0000000100000000)
  eden space 81408K, 100% used [0x00000000f5580000,0x00000000fa500000,0x00000000fa500000)
  from space 42496K, 17% used [0x00000000fa500000,0x00000000fac47888,0x00000000fce80000)
  to   space 43008K, 0% used [0x00000000fd580000,0x00000000fd580000,0x00000000fff80000)
 ParOldGen       total 223744K, used 63959K [0x00000000e0000000, 0x00000000eda80000, 0x00000000f5580000)
  object space 223744K, 28% used [0x00000000e0000000,0x00000000e3e75d00,0x00000000eda80000)
 Metaspace       used 93569K, capacity 98846K, committed 100544K, reserved 1136640K
  class space    used 12120K, capacity 13102K, committed 13544K, reserved 1048576K
Event: 3777.295 GC heap after
Heap after GC invocations=42 (full 4):
 PSYoungGen      total 131072K, used 12890K [0x00000000f5580000, 0x00000000ffe80000, 0x0000000100000000)
  eden space 89088K, 0% used [0x00000000f5580000,0x00000000f5580000,0x00000000fac80000)
  from space 41984K, 30% used [0x00000000fd580000,0x00000000fe2168f0,0x00000000ffe80000)
  to   space 41984K, 0% used [0x00000000fac80000,0x00000000fac80000,0x00000000fd580000)
 ParOldGen       total 223744K, used 63967K [0x00000000e0000000, 0x00000000eda80000, 0x00000000f5580000)
  object space 223744K, 28% used [0x00000000e0000000,0x00000000e3e77d00,0x00000000eda80000)
 Metaspace       used 93569K, capacity 98846K, committed 100544K, reserved 1136640K
  class space    used 12120K, capacity 13102K, committed 13544K, reserved 1048576K
}
Event: 3777.529 GC heap before
{Heap before GC invocations=43 (full 4):
 PSYoungGen      total 131072K, used 101978K [0x00000000f5580000, 0x00000000ffe80000, 0x0000000100000000)
  eden space 89088K, 100% used [0x00000000f5580000,0x00000000fac80000,0x00000000fac80000)
  from space 41984K, 30% used [0x00000000fd580000,0x00000000fe2168f0,0x00000000ffe80000)
  to   space 41984K, 0% used [0x00000000fac80000,0x00000000fac80000,0x00000000fd580000)
 ParOldGen       total 223744K, used 63967K [0x00000000e0000000, 0x00000000eda80000, 0x00000000f5580000)
  object space 223744K, 28% used [0x00000000e0000000,0x00000000e3e77d00,0x00000000eda80000)
 Metaspace       used 93936K, capacity 99292K, committed 101056K, reserved 1136640K
  class space    used 12167K, capacity 13155K, committed 13544K, reserved 1048576K
Event: 3777.545 GC heap after
Heap after GC invocations=43 (full 4):
 PSYoungGen      total 131072K, used 22374K [0x00000000f5580000, 0x00000000ffe00000, 0x0000000100000000)
  eden space 89088K, 0% used [0x00000000f5580000,0x00000000f5580000,0x00000000fac80000)
  from space 41984K, 53% used [0x00000000fac80000,0x00000000fc2599b8,0x00000000fd580000)
  to   space 40960K, 0% used [0x00000000fd600000,0x00000000fd600000,0x00000000ffe00000)
 ParOldGen       total 223744K, used 63975K [0x00000000e0000000, 0x00000000eda80000, 0x00000000f5580000)
  object space 223744K, 28% used [0x00000000e0000000,0x00000000e3e79d00,0x00000000eda80000)
 Metaspace       used 93936K, capacity 99292K, committed 101056K, reserved 1136640K
  class space    used 12167K, capacity 13155K, committed 13544K, reserved 1048576K
}
Event: 3779.244 GC heap before
{Heap before GC invocations=44 (full 4):
 PSYoungGen      total 131072K, used 111462K [0x00000000f5580000, 0x00000000ffe00000, 0x0000000100000000)
  eden space 89088K, 100% used [0x00000000f5580000,0x00000000fac80000,0x00000000fac80000)
  from space 41984K, 53% used [0x00000000fac80000,0x00000000fc2599b8,0x00000000fd580000)
  to   space 40960K, 0% used [0x00000000fd600000,0x00000000fd600000,0x00000000ffe00000)
 ParOldGen       total 223744K, used 63975K [0x00000000e0000000, 0x00000000eda80000, 0x00000000f5580000)
  object space 223744K, 28% used [0x00000000e0000000,0x00000000e3e79d00,0x00000000eda80000)
 Metaspace       used 99831K, capacity 105564K, committed 106816K, reserved 1142784K
  class space    used 13063K, capacity 14151K, committed 14440K, reserved 1048576K
Event: 3779.260 GC heap after
Heap after GC invocations=44 (full 4):
 PSYoungGen      total 129536K, used 20326K [0x00000000f5580000, 0x00000000ffb00000, 0x0000000100000000)
  eden space 91648K, 0% used [0x00000000f5580000,0x00000000f5580000,0x00000000faf00000)
  from space 37888K, 53% used [0x00000000fd600000,0x00000000fe9d9a80,0x00000000ffb00000)
  to   space 38912K, 0% used [0x00000000faf00000,0x00000000faf00000,0x00000000fd500000)
 ParOldGen       total 223744K, used 63983K [0x00000000e0000000, 0x00000000eda80000, 0x00000000f5580000)
  object space 223744K, 28% used [0x00000000e0000000,0x00000000e3e7bd00,0x00000000eda80000)
 Metaspace       used 99831K, capacity 105564K, committed 106816K, reserved 1142784K
  class space    used 13063K, capacity 14151K, committed 14440K, reserved 1048576K
}

Deoptimization events (10 events):
Event: 3780.162 Thread 0x0000000016a7f800 Uncommon trap: reason=unstable_if action=reinterpret pc=0x0000000002691ea0 method=java.util.regex.Pattern$LastNode.match(Ljava/util/regex/Matcher;ILjava/lang/CharSequence;)Z @ 13
Event: 3780.162 Thread 0x0000000016a7f800 Uncommon trap: reason=unstable_if action=reinterpret pc=0x0000000002d329b0 method=java.util.regex.Matcher.match(II)Z @ 30
Event: 3780.163 Thread 0x0000000016a7f800 Uncommon trap: reason=unstable_if action=reinterpret pc=0x00000000039b0194 method=java.util.regex.Pattern.newSlice([IIZ)Ljava/util/regex/Pattern$Node; @ 10
Event: 3780.163 Thread 0x0000000016a7f800 Uncommon trap: reason=unstable_if action=reinterpret pc=0x0000000003f9ec1c method=java.util.regex.Pattern.bitsOrSingle(Ljava/util/regex/Pattern$BitClass;I)Ljava/util/regex/Pattern$CharProperty; @ 12
Event: 3780.163 Thread 0x0000000016a7f800 Uncommon trap: reason=unstable_if action=reinterpret pc=0x0000000004e5fc10 method=java.util.regex.Pattern$BitClass.add(II)Ljava/util/regex/Pattern$BitClass; @ 28
Event: 3780.197 Thread 0x0000000016a7f800 Uncommon trap: reason=unstable_if action=reinterpret pc=0x0000000004577010 method=java.util.stream.StreamOpFlag.getMask(I)I @ 1
Event: 3780.242 Thread 0x0000000019bbd800 Uncommon trap: reason=bimorphic action=maybe_recompile pc=0x000000000589047c method=com.google.common.collect.ImmutableList.hashCode()I @ 3
Event: 3780.251 Thread 0x0000000019bbd800 Uncommon trap: reason=bimorphic action=maybe_recompile pc=0x00000000030a0954 method=java.security.MessageDigest$Delegate.clone()Ljava/lang/Object; @ 14
Event: 3780.251 Thread 0x0000000019bbd800 Uncommon trap: reason=bimorphic action=maybe_recompile pc=0x00000000058e407c method=java.nio.charset.CharsetDecoder.decode(Ljava/nio/ByteBuffer;Ljava/nio/CharBuffer;Z)Ljava/nio/charset/CoderResult; @ 57
Event: 3780.336 Thread 0x0000000019bbd800 Uncommon trap: reason=unstable_if action=reinterpret pc=0x00000000043fee40 method=org.gradle.internal.logging.sink.ProgressLogEventGenerator$Operation.complete()V @ 293

Classes redefined (0 events):
No events

Internal exceptions (10 events):
Event: 3779.771 Thread 0x0000000016a76800 Exception <a 'sun/nio/fs/WindowsException'> (0x00000000f922ef00) thrown at [C:\re\workspace\8-2-build-windows-amd64-cygwin\jdk8u211\12973\hotspot\src\share\vm\prims\jni.cpp, line 710]
Event: 3779.773 Thread 0x0000000016a7e800 Exception <a 'sun/nio/fs/WindowsException'> (0x00000000f9276a20) thrown at [C:\re\workspace\8-2-build-windows-amd64-cygwin\jdk8u211\12973\hotspot\src\share\vm\prims\jni.cpp, line 710]
Event: 3779.781 Thread 0x0000000016a76800 Exception <a 'sun/nio/fs/WindowsException'> (0x00000000f92bc7d0) thrown at [C:\re\workspace\8-2-build-windows-amd64-cygwin\jdk8u211\12973\hotspot\src\share\vm\prims\jni.cpp, line 710]
Event: 3779.785 Thread 0x0000000016a7e800 Exception <a 'sun/nio/fs/WindowsException'> (0x00000000f9303e20) thrown at [C:\re\workspace\8-2-build-windows-amd64-cygwin\jdk8u211\12973\hotspot\src\share\vm\prims\jni.cpp, line 710]
Event: 3779.794 Thread 0x0000000016a7e800 Exception <a 'sun/nio/fs/WindowsException'> (0x00000000f934e950) thrown at [C:\re\workspace\8-2-build-windows-amd64-cygwin\jdk8u211\12973\hotspot\src\share\vm\prims\jni.cpp, line 710]
Event: 3779.916 Thread 0x0000000016a75800 Exception <a 'java/lang/NoSuchMethodError': <clinit>> (0x00000000f965a4e8) thrown at [C:\re\workspace\8-2-build-windows-amd64-cygwin\jdk8u211\12973\hotspot\src\share\vm\prims\jni.cpp, line 1614]
Event: 3780.127 Thread 0x0000000019bbd800 Exception <a 'java/lang/NoSuchMethodError': <clinit>> (0x00000000f9cff108) thrown at [C:\re\workspace\8-2-build-windows-amd64-cygwin\jdk8u211\12973\hotspot\src\share\vm\prims\jni.cpp, line 1614]
Event: 3780.128 Thread 0x0000000019bbd800 Exception <a 'java/lang/NoSuchMethodError': <clinit>> (0x00000000f9d144a0) thrown at [C:\re\workspace\8-2-build-windows-amd64-cygwin\jdk8u211\12973\hotspot\src\share\vm\prims\jni.cpp, line 1614]
Event: 3780.135 Thread 0x0000000016a7f800 Exception <a 'java/lang/NoSuchMethodError': java.lang.Object.lambda$asRunnable$0(Lcom/android/tools/build/apkzlib/utils/IOExceptionRunnable;)V> (0x00000000f9d37ca8) thrown at [C:\re\workspace\8-2-build-windows-amd64-cygwin\jdk8u211\12973\hotspot\src\share
Event: 3780.324 Thread 0x0000000019bbd800 Exception <a 'java/io/FileNotFoundException'> (0x00000000fa40cfa8) thrown at [C:\re\workspace\8-2-build-windows-amd64-cygwin\jdk8u211\12973\hotspot\src\share\vm\prims\jni.cpp, line 710]

Events (10 events):
Event: 3780.331 loading class com/android/build/gradle/internal/ndk/NdkInstallStatus$NotInstalled done
Event: 3780.332 loading class com/android/build/gradle/internal/ndk/NdkInstallStatus
Event: 3780.332 loading class com/android/build/gradle/internal/ndk/NdkInstallStatus done
Event: 3780.334 loading class com/android/build/gradle/internal/ndk/NdkInstallStatus$Valid
Event: 3780.334 loading class com/android/build/gradle/internal/ndk/NdkInstallStatus$Valid done
Event: 3780.334 loading class com/android/build/gradle/internal/cxx/stripping/SymbolStripExecutableFinder
Event: 3780.334 loading class com/android/build/gradle/internal/cxx/stripping/SymbolStripExecutableFinder done
Event: 3780.336 Thread 0x0000000019bbd800 Uncommon trap: trap_request=0xffffff65 fr.pc=0x00000000043fee40
Event: 3780.336 Thread 0x0000000019bbd800 DEOPT PACKING pc=0x00000000043fee40 sp=0x000000002debbb60
Event: 3780.336 Thread 0x0000000019bbd800 DEOPT UNPACKING pc=0x000000000254583b sp=0x000000002debbba8 mode 2


Dynamic libraries:
0x00007ff726620000 - 0x00007ff726657000 	C:\Program Files\Java\jdk1.8.0_211\bin\java.exe
0x00007ffe2a3d0000 - 0x00007ffe2a5bd000 	C:\WINDOWS\SYSTEM32\ntdll.dll
0x00007ffe2a140000 - 0x00007ffe2a1f3000 	C:\WINDOWS\System32\KERNEL32.DLL
0x00007ffe26490000 - 0x00007ffe26723000 	C:\WINDOWS\System32\KERNELBASE.dll
0x00007ffe27ed0000 - 0x00007ffe27f73000 	C:\WINDOWS\System32\ADVAPI32.dll
0x00007ffe29480000 - 0x00007ffe2951e000 	C:\WINDOWS\System32\msvcrt.dll
0x00007ffe2a200000 - 0x00007ffe2a29e000 	C:\WINDOWS\System32\sechost.dll
0x00007ffe29550000 - 0x00007ffe29672000 	C:\WINDOWS\System32\RPCRT4.dll
0x00007ffe297f0000 - 0x00007ffe29987000 	C:\WINDOWS\System32\USER32.dll
0x00007ffe26800000 - 0x00007ffe26820000 	C:\WINDOWS\System32\win32u.dll
0x00007ffe2a370000 - 0x00007ffe2a399000 	C:\WINDOWS\System32\GDI32.dll
0x00007ffe27280000 - 0x00007ffe27419000 	C:\WINDOWS\System32\gdi32full.dll
0x00007ffe27450000 - 0x00007ffe274f0000 	C:\WINDOWS\System32\msvcp_win.dll
0x00007ffe274f0000 - 0x00007ffe275ea000 	C:\WINDOWS\System32\ucrtbase.dll
0x00007ffe14a70000 - 0x00007ffe14ce9000 	C:\WINDOWS\WinSxS\amd64_microsoft.windows.common-controls_6595b64144ccf1df_6.0.17763.737_none_05b6437c071e554b\COMCTL32.dll
0x00007ffe276a0000 - 0x00007ffe279cc000 	C:\WINDOWS\System32\combase.dll
0x00007ffe27200000 - 0x00007ffe2727e000 	C:\WINDOWS\System32\bcryptPrimitives.dll
0x00007ffe29520000 - 0x00007ffe2954e000 	C:\WINDOWS\System32\IMM32.DLL
0x00007ffe0dd30000 - 0x00007ffe0de4f000 	C:\Program Files\Diebold\Warsaw\wslbscr64.dll
0x00007ffe27f80000 - 0x00007ffe29472000 	C:\WINDOWS\System32\SHELL32.dll
0x00007ffe26880000 - 0x00007ffe268ca000 	C:\WINDOWS\System32\cfgmgr32.dll
0x00007ffe275f0000 - 0x00007ffe27698000 	C:\WINDOWS\System32\shcore.dll
0x00007ffe268d0000 - 0x00007ffe2701a000 	C:\WINDOWS\System32\windows.storage.dll
0x00007ffe26440000 - 0x00007ffe26464000 	C:\WINDOWS\System32\profapi.dll
0x00007ffe263e0000 - 0x00007ffe2643d000 	C:\WINDOWS\System32\powrprof.dll
0x00007ffe27b20000 - 0x00007ffe27b72000 	C:\WINDOWS\System32\shlwapi.dll
0x00007ffe26470000 - 0x00007ffe26481000 	C:\WINDOWS\System32\kernel.appcore.dll
0x00007ffe26730000 - 0x00007ffe26747000 	C:\WINDOWS\System32\cryptsp.dll
0x00007ffe25540000 - 0x00007ffe25571000 	C:\WINDOWS\SYSTEM32\ntmarta.dll
0x00007ffde1670000 - 0x00007ffde176c000 	C:\Program Files\Diebold\Warsaw\wslbscrwh64.dll
0x0000000064970000 - 0x0000000064a42000 	C:\Program Files\Java\jdk1.8.0_211\jre\bin\msvcr100.dll
0x0000000063380000 - 0x0000000063c25000 	C:\Program Files\Java\jdk1.8.0_211\jre\bin\server\jvm.dll
0x00007ffe29b80000 - 0x00007ffe29b88000 	C:\WINDOWS\System32\PSAPI.DLL
0x00007ffe0fd00000 - 0x00007ffe0fd09000 	C:\WINDOWS\SYSTEM32\WSOCK32.dll
0x00007ffe27cb0000 - 0x00007ffe27d1d000 	C:\WINDOWS\System32\WS2_32.dll
0x00007ffe1c4a0000 - 0x00007ffe1c4c4000 	C:\WINDOWS\SYSTEM32\WINMM.dll
0x00007ffe20ba0000 - 0x00007ffe20baa000 	C:\WINDOWS\SYSTEM32\VERSION.dll
0x00007ffe1c470000 - 0x00007ffe1c49d000 	C:\WINDOWS\SYSTEM32\WINMMBASE.dll
0x00007ffe21220000 - 0x00007ffe2122f000 	C:\Program Files\Java\jdk1.8.0_211\jre\bin\verify.dll
0x00007ffe1fbc0000 - 0x00007ffe1fbe9000 	C:\Program Files\Java\jdk1.8.0_211\jre\bin\java.dll
0x00007ffe20130000 - 0x00007ffe20146000 	C:\Program Files\Java\jdk1.8.0_211\jre\bin\zip.dll
0x00007ffe1fe10000 - 0x00007ffe1fe2a000 	C:\Program Files\Java\jdk1.8.0_211\jre\bin\net.dll
0x00007ffe1cd10000 - 0x00007ffe1cee7000 	C:\WINDOWS\SYSTEM32\urlmon.dll
0x00007ffe19450000 - 0x00007ffe196f8000 	C:\WINDOWS\SYSTEM32\iertutil.dll
0x00007ffe25e00000 - 0x00007ffe25e0c000 	C:\WINDOWS\SYSTEM32\CRYPTBASE.DLL
0x00007ffe25c30000 - 0x00007ffe25c97000 	C:\WINDOWS\system32\mswsock.dll
0x00007ffe1fd90000 - 0x00007ffe1fda2000 	C:\Program Files\Java\jdk1.8.0_211\jre\bin\nio.dll
0x00007ffe20250000 - 0x00007ffe20276000 	C:\Users\Rodrigo\.gradle\native\29\windows-amd64\native-platform.dll
0x00007ffe13bd0000 - 0x00007ffe13bdd000 	C:\Program Files\Java\jdk1.8.0_211\jre\bin\management.dll
0x00007ffe257b0000 - 0x00007ffe257e3000 	C:\WINDOWS\system32\rsaenh.dll
0x00007ffe27420000 - 0x00007ffe27446000 	C:\WINDOWS\System32\bcrypt.dll
0x00007ffe262f0000 - 0x00007ffe26318000 	C:\WINDOWS\SYSTEM32\USERENV.dll
0x00007ffe25950000 - 0x00007ffe2598d000 	C:\WINDOWS\SYSTEM32\IPHLPAPI.DLL
0x00007ffe2a300000 - 0x00007ffe2a308000 	C:\WINDOWS\System32\NSI.dll
0x00007ffe1d7a0000 - 0x00007ffe1d7b6000 	C:\WINDOWS\SYSTEM32\dhcpcsvc6.DLL
0x00007ffe1d890000 - 0x00007ffe1d8ac000 	C:\WINDOWS\SYSTEM32\dhcpcsvc.DLL
0x00007ffe25990000 - 0x00007ffe25a56000 	C:\WINDOWS\SYSTEM32\DNSAPI.dll
0x00007ffe20220000 - 0x00007ffe20244000 	C:\Program Files\Java\jdk1.8.0_211\jre\bin\sunec.dll
0x00007ffe136c0000 - 0x00007ffe136ca000 	C:\Windows\System32\rasadhlp.dll
0x00007ffe136d0000 - 0x00007ffe13749000 	C:\WINDOWS\System32\fwpuclnt.dll
0x00007ffe20210000 - 0x00007ffe2021b000 	C:\Program Files\Java\jdk1.8.0_211\jre\bin\sunmscapi.dll
0x00007ffe27020000 - 0x00007ffe271fb000 	C:\WINDOWS\System32\CRYPT32.dll
0x00007ffe263c0000 - 0x00007ffe263d2000 	C:\WINDOWS\System32\MSASN1.dll

VM Arguments:
jvm_args: -XX:MaxMetaspaceSize=256m -XX:+HeapDumpOnOutOfMemoryError -Xms256m -Xmx512m -Dfile.encoding=windows-1252 -Duser.country=US -Duser.language=en -Duser.variant 
java_command: org.gradle.launcher.daemon.bootstrap.GradleDaemon 5.5
java_class_path (initial): C:\Users\Rodrigo\.gradle\wrapper\dists\gradle-5.5-all\byeise1led9a3w3p149d02kfj\gradle-5.5\lib\gradle-launcher-5.5.jar
Launcher Type: SUN_STANDARD

Environment Variables:
JAVA_HOME=C:\Program Files\Java\jdk1.8.0_211
JRE_HOME=C:\Program Files (x86)\Java\jre7
PATH=C:\Program Files (x86)\Common Files\Oracle\Java\javapath;C:\Windows\system32;C:\Windows;C:\Windows\System32\Wbem;C:\Windows\System32\WindowsPowerShell\v1.0\;C:\Windows\System32\OpenSSH\;C:\Program Files (x86)\NVIDIA Corporation\PhysX\Common;C:\Program Files\Git\cmd;C:\Program Files (x86)\Microsoft SQL Server\110\Tools\Binn\ManagementStudio\;C:\Program Files (x86)\Microsoft SQL Server\110\Tools\Binn\;C:\Program Files\Microsoft SQL Server\110\Tools\Binn\;C:\Program Files (x86)\Microsoft SQL Server\110\DTS\Binn\;C:\Program Files (x86)\Microsoft SQL Server\Client SDK\ODBC\130\Tools\Binn\;C:\Program Files (x86)\Microsoft SQL Server\140\Tools\Binn\;C:\Program Files (x86)\Microsoft SQL Server\140\DTS\Binn\;C:\Program Files (x86)\Microsoft SQL Server\140\Tools\Binn\ManagementStudio\;C:\WINDOWS\system32;C:\WINDOWS;C:\WINDOWS\System32\Wbem;C:\WINDOWS\System32\WindowsPowerShell\v1.0\;C:\WINDOWS\System32\OpenSSH\;C:\Program Files (x86)\PuTTY\;C:\Program Files\TortoiseSVN\bin;C:\Program Files (x86)\Windows Kits\8.1\Windows Performance Toolkit\;C:\Program Files\nodejs\;ANDROID_PLATAFORM_TOOLS;ANDROID_TOOLS;C:\Users\Rodrigo\AppData\Local\Microsoft\WindowsApps;C:\Users\Rodrigo\AppData\Local\Programs\Microsoft VS Code\bin;C:\Program Files (x86)\Java\jdk1.7.0_10\bin;C:\Users\Rodrigo\AppData\Roaming\npm;C:\Users\Rodrigo\AppData\Local\Android\Sdk\platform-tools;C:\Users\Rodrigo\AppData\Local\Android\Sdk\tools;
USERNAME=Rodrigo
OS=Windows_NT
PROCESSOR_IDENTIFIER=Intel64 Family 6 Model 94 Stepping 3, GenuineIntel



---------------  S Y S T E M  ---------------

OS: Windows 10.0 , 64 bit Build 17763 (10.0.17763.475)

CPU:total 8 (initial active 8) (4 cores per cpu, 2 threads per core) family 6 model 94 stepping 3, cmov, cx8, fxsr, mmx, sse, sse2, sse3, ssse3, sse4.1, sse4.2, popcnt, avx, avx2, aes, clmul, erms, rtm, 3dnowpref, lzcnt, ht, tsc, tscinvbit, bmi1, bmi2, adx

Memory: 4k page, physical 16647104k(2292076k free), swap 16647104k(0k free)

vm_info: Java HotSpot(TM) 64-Bit Server VM (25.211-b12) for windows-amd64 JRE (1.8.0_211-b12), built on Apr  1 2019 20:53:26 by "java_re" with MS VC++ 10.0 (VS2010)

time: Fri Oct 04 14:23:37 2019
timezone: E. South America Standard Time
elapsed time: 3780 seconds (0d 1h 3m 0s)

