#
# There is insufficient memory for the Java Runtime Environment to continue.
# Native memory allocation (malloc) failed to allocate 484336 bytes for Chunk::new
# Possible reasons:
#   The system is out of physical RAM or swap space
#   The process is running with CompressedOops enabled, and the Java Heap may be blocking the growth of the native heap
# Possible solutions:
#   Reduce memory load on the system
#   Increase physical memory or swap space
#   Check if swap backing store is full
#   Decrease Java heap size (-Xmx/-Xms)
#   Decrease number of Java threads
#   Decrease Java thread stack sizes (-Xss)
#   Set larger code cache with -XX:ReservedCodeCacheSize=
#   JVM is running with Unscaled Compressed Oops mode in which the Java heap is
#     placed in the first 4GB address space. The Java Heap base address is the
#     maximum limit for the native heap growth. Please use -XX:HeapBaseMinAddress
#     to set the Java Heap base and to place the Java Heap above 4GB virtual address.
# This output file may be truncated or incomplete.
#
#  Out of Memory Error (allocation.cpp:389), pid=18164, tid=0x0000000000003300
#
# JRE version: OpenJDK Runtime Environment (8.0_202-b03) (build 1.8.0_202-release-1483-b03)
# Java VM: OpenJDK 64-Bit Server VM (25.202-b03 mixed mode windows-amd64 compressed oops)
# Failed to write core dump. Minidumps are not enabled by default on client versions of Windows
#

---------------  T H R E A D  ---------------

Current thread (0x0000000016409000):  JavaThread "C2 CompilerThread0" daemon [_thread_in_native, id=13056, stack(0x0000000016cf0000,0x0000000016df0000)]

Stack: [0x0000000016cf0000,0x0000000016df0000]
[error occurred during error reporting (printing stack bounds), id 0xc0000005]

Native frames: (J=compiled Java code, j=interpreted, Vv=VM code, C=native code)


Current CompileTask:
C2: 364437 14399   !   4       com.sun.org.apache.xerces.internal.impl.XMLDocumentFragmentScannerImpl$FragmentContentDriver::next (2346 bytes)


---------------  P R O C E S S  ---------------

Java Threads: ( => current thread )
  0x000000001b5e5000 JavaThread "Build operations Thread 8" [_thread_blocked, id=844, stack(0x0000000028a40000,0x0000000028b40000)]
  0x000000001b5e1800 JavaThread "Build operations Thread 7" [_thread_blocked, id=20192, stack(0x0000000028940000,0x0000000028a40000)]
  0x000000001b5e8000 JavaThread "Build operations Thread 6" [_thread_blocked, id=8368, stack(0x0000000028840000,0x0000000028940000)]
  0x000000001b5da000 JavaThread "Build operations Thread 5" [_thread_blocked, id=1404, stack(0x0000000028740000,0x0000000028840000)]
  0x000000001b5e1000 JavaThread "Build operations Thread 4" [_thread_blocked, id=9048, stack(0x0000000028640000,0x0000000028740000)]
  0x000000001b5d9800 JavaThread "Build operations Thread 3" [_thread_blocked, id=10220, stack(0x0000000028540000,0x0000000028640000)]
  0x000000001b5dc800 JavaThread "Build operations Thread 2" [_thread_in_native, id=10560, stack(0x0000000028440000,0x0000000028540000)]
  0x000000001b5df800 JavaThread "Build operations" [_thread_in_native, id=8532, stack(0x0000000028340000,0x0000000028440000)]
  0x000000001a334000 JavaThread "Cache worker for cache directory md-rule (C:\Users\Rodrigo\.gradle\caches\5.5\md-rule)" [_thread_blocked, id=8716, stack(0x0000000028240000,0x0000000028340000)]
  0x000000001a333800 JavaThread "Cache worker for cache directory md-supplier (C:\Users\Rodrigo\.gradle\caches\5.5\md-supplier)" [_thread_blocked, id=1916, stack(0x0000000028140000,0x0000000028240000)]
  0x000000001a336800 JavaThread "Cache worker for file hash cache (C:\ProjetoRedeOdonto\redeodonto\android\.gradle\5.5\fileHashes)" [_thread_blocked, id=2296, stack(0x0000000028040000,0x0000000028140000)]
  0x000000001a332800 JavaThread "Thread-66" [_thread_blocked, id=21668, stack(0x0000000027f40000,0x0000000028040000)]
  0x000000001a332000 JavaThread "Stdin handler" [_thread_blocked, id=8460, stack(0x0000000027e40000,0x0000000027f40000)]
  0x000000001a32a800 JavaThread "Asynchronous log dispatcher for DefaultDaemonConnection: socket connection from /127.0.0.1:59216 to /127.0.0.1:59259" [_thread_blocked, id=22992, stack(0x0000000027d40000,0x0000000027e40000)]
  0x000000001a329800 JavaThread "Daemon worker Thread 2" [_thread_in_native, id=16128, stack(0x0000000027c40000,0x0000000027d40000)]
  0x000000001a32f800 JavaThread "Cancel handler" [_thread_blocked, id=16668, stack(0x0000000027b40000,0x0000000027c40000)]
  0x000000001a328000 JavaThread "Handler for socket connection from /127.0.0.1:59216 to /127.0.0.1:59259" [_thread_in_native, id=388, stack(0x0000000027a40000,0x0000000027b40000)]
  0x000000001a327800 JavaThread "Daemon Thread 2" [_thread_blocked, id=1248, stack(0x0000000027940000,0x0000000027a40000)]
  0x000000001a331000 JavaThread "Cache worker for file content cache (C:\Users\Rodrigo\.gradle\caches\5.5\fileContent)" [_thread_blocked, id=22944, stack(0x0000000026840000,0x0000000026940000)]
  0x000000001b5db000 JavaThread "Memory manager" [_thread_blocked, id=16572, stack(0x0000000023be0000,0x0000000023ce0000)]
  0x000000001a32d800 JavaThread "Cache worker for execution history cache (C:\Users\Rodrigo\.gradle\caches\5.5\executionHistory)" [_thread_blocked, id=12264, stack(0x000000001f580000,0x000000001f680000)]
  0x0000000016418000 JavaThread "Cache worker for journal cache (C:\Users\Rodrigo\.gradle\caches\journal-1)" [_thread_blocked, id=20600, stack(0x000000001b120000,0x000000001b220000)]
  0x0000000016417000 JavaThread "File lock request listener" [_thread_in_native, id=19256, stack(0x000000001b020000,0x000000001b120000)]
  0x000000001641e000 JavaThread "Cache worker for file hash cache (C:\Users\Rodrigo\.gradle\caches\5.5\fileHashes)" [_thread_blocked, id=14848, stack(0x000000001af20000,0x000000001b020000)]
  0x0000000018879000 JavaThread "Daemon periodic checks" [_thread_blocked, id=20580, stack(0x0000000019450000,0x0000000019550000)]
  0x0000000018869800 JavaThread "Incoming local TCP Connector on port 59216" [_thread_in_native, id=22640, stack(0x0000000019210000,0x0000000019310000)]
  0x00000000187bd800 JavaThread "Daemon health stats" [_thread_blocked, id=6952, stack(0x0000000018ac0000,0x0000000018bc0000)]
  0x00000000164a5000 JavaThread "Service Thread" daemon [_thread_blocked, id=2824, stack(0x00000000170f0000,0x00000000171f0000)]
  0x000000001641c800 JavaThread "C1 CompilerThread3" daemon [_thread_blocked, id=20484, stack(0x0000000016ff0000,0x00000000170f0000)]
  0x000000001641d800 JavaThread "C2 CompilerThread2" daemon [_thread_blocked, id=18352, stack(0x0000000016ef0000,0x0000000016ff0000)]
  0x000000001640c800 JavaThread "C2 CompilerThread1" daemon [_thread_blocked, id=6604, stack(0x0000000016df0000,0x0000000016ef0000)]
=>0x0000000016409000 JavaThread "C2 CompilerThread0" daemon [_thread_in_native, id=13056, stack(0x0000000016cf0000,0x0000000016df0000)]
  0x0000000016408000 JavaThread "Attach Listener" daemon [_thread_blocked, id=10056, stack(0x0000000016bf0000,0x0000000016cf0000)]
  0x0000000016416000 JavaThread "Signal Dispatcher" daemon [_thread_blocked, id=18560, stack(0x0000000016af0000,0x0000000016bf0000)]
  0x0000000002d4d800 JavaThread "Finalizer" daemon [_thread_blocked, id=17208, stack(0x00000000168e0000,0x00000000169e0000)]
  0x0000000002d47000 JavaThread "Reference Handler" daemon [_thread_blocked, id=14832, stack(0x00000000167e0000,0x00000000168e0000)]
  0x0000000002a3e000 JavaThread "main" [_thread_blocked, id=22068, stack(0x0000000002b50000,0x0000000002c50000)]

Other Threads:
  0x00000000145c6000 VMThread [stack: 0x00000000162e0000,0x00000000163e0000] [id=3856]
  0x00000000164a5800 WatcherThread [stack: 0x00000000171f0000,0x00000000172f0000] [id=16628]

VM state:not at safepoint (normal execution)

VM Mutex/Monitor currently owned by a thread: None

heap address: 0x00000000e0000000, size: 512 MB, Compressed Oops mode: 32-bit
Narrow klass base: 0x0000000000000000, Narrow klass shift: 3
Compressed class space size: 1073741824 Address: 0x0000000100000000

Heap:
 PSYoungGen      total 137216K, used 59795K [0x00000000f5580000, 0x0000000100000000, 0x0000000100000000)
  eden space 104448K, 42% used [0x00000000f5580000,0x00000000f8143410,0x00000000fbb80000)
  from space 32768K, 45% used [0x00000000fbb80000,0x00000000fca21b50,0x00000000fdb80000)
  to   space 31232K, 0% used [0x00000000fe180000,0x00000000fe180000,0x0000000100000000)
 ParOldGen       total 258560K, used 67969K [0x00000000e0000000, 0x00000000efc80000, 0x00000000f5580000)
  object space 258560K, 26% used [0x00000000e0000000,0x00000000e4260550,0x00000000efc80000)
 Metaspace       used 85002K, capacity 89870K, committed 90112K, reserved 1128448K
  class space    used 11054K, capacity 12023K, committed 12032K, reserved 1048576K

Card table byte_map: [0x0000000012110000,0x0000000012220000] byte_map_base: 0x0000000011a10000

Marking Bits: (ParMarkBitMap*) 0x0000000051ca9f30
 Begin Bits: [0x0000000012ad0000, 0x00000000132d0000)
 End Bits:   [0x00000000132d0000, 0x0000000013ad0000)

Polling page: 0x0000000002a10000

CodeCache: size=245760Kb used=39355Kb max_used=39362Kb free=206404Kb
 bounds [0x0000000002d50000, 0x0000000005400000, 0x0000000011d50000]
 total_blobs=12739 nmethods=11850 adapters=801
 compilation: enabled

Compilation events (10 events):
Event: 364.384 Thread 0x000000001641c800 14417       3       org.gradle.api.internal.artifacts.ivyservice.ivyresolve.strategy.AbstractStringVersionSelector::canShortCircuitWhenVersionAlreadyPreselected (5 bytes)
Event: 364.384 Thread 0x000000001641c800 nmethod 14417 0x00000000053f2590 code [0x00000000053f26e0, 0x00000000053f2890]
Event: 364.384 Thread 0x000000001641c800 14418       3       com.google.common.cache.LocalCache$WeakValueReference::<init> (12 bytes)
Event: 364.384 Thread 0x000000001641c800 nmethod 14418 0x00000000053f1f90 code [0x00000000053f2100, 0x00000000053f2430]
Event: 364.386 Thread 0x000000001641c800 14419       1       org.apache.http.util.CharArrayBuffer::clear (6 bytes)
Event: 364.386 Thread 0x000000001641c800 nmethod 14419 0x00000000053f1c50 code [0x00000000053f1da0, 0x00000000053f1eb0]
Event: 364.390 Thread 0x000000001641d800 nmethod 14411 0x00000000053f7a90 code [0x00000000053f7c20, 0x00000000053f80f8]
Event: 364.390 Thread 0x000000001641d800 14416       4       org.gradle.internal.component.external.model.DefaultModuleComponentIdentifier::equals (76 bytes)
Event: 364.395 Thread 0x000000001641d800 nmethod 14416 0x00000000053f8750 code [0x00000000053f88c0, 0x00000000053f8e18]
Event: 364.403 Thread 0x000000001640c800 nmethod 14412 0x00000000053f4b50 code [0x00000000053f4d20, 0x00000000053f58f8]

GC Heap History (10 events):
Event: 77.634 GC heap before
{Heap before GC invocations=18 (full 3):
 PSYoungGen      total 147968K, used 147936K [0x00000000f5580000, 0x0000000100000000, 0x0000000100000000)
  eden space 127488K, 100% used [0x00000000f5580000,0x00000000fd200000,0x00000000fd200000)
  from space 20480K, 99% used [0x00000000fec00000,0x00000000ffff8020,0x0000000100000000)
  to   space 23552K, 0% used [0x00000000fd200000,0x00000000fd200000,0x00000000fe900000)
 ParOldGen       total 258560K, used 35389K [0x00000000e0000000, 0x00000000efc80000, 0x00000000f5580000)
  object space 258560K, 13% used [0x00000000e0000000,0x00000000e228f4c0,0x00000000efc80000)
 Metaspace       used 74783K, capacity 78246K, committed 78336K, reserved 1116160K
  class space    used 9915K, capacity 10667K, committed 10752K, reserved 1048576K
Event: 77.647 GC heap after
Heap after GC invocations=18 (full 3):
 PSYoungGen      total 151040K, used 23551K [0x00000000f5580000, 0x0000000100000000, 0x0000000100000000)
  eden space 127488K, 0% used [0x00000000f5580000,0x00000000f5580000,0x00000000fd200000)
  from space 23552K, 99% used [0x00000000fd200000,0x00000000fe8fff80,0x00000000fe900000)
  to   space 23552K, 0% used [0x00000000fe900000,0x00000000fe900000,0x0000000100000000)
 ParOldGen       total 258560K, used 37932K [0x00000000e0000000, 0x00000000efc80000, 0x00000000f5580000)
  object space 258560K, 14% used [0x00000000e0000000,0x00000000e250b1c8,0x00000000efc80000)
 Metaspace       used 74783K, capacity 78246K, committed 78336K, reserved 1116160K
  class space    used 9915K, capacity 10667K, committed 10752K, reserved 1048576K
}
Event: 78.409 GC heap before
{Heap before GC invocations=19 (full 3):
 PSYoungGen      total 151040K, used 151039K [0x00000000f5580000, 0x0000000100000000, 0x0000000100000000)
  eden space 127488K, 100% used [0x00000000f5580000,0x00000000fd200000,0x00000000fd200000)
  from space 23552K, 99% used [0x00000000fd200000,0x00000000fe8fff80,0x00000000fe900000)
  to   space 23552K, 0% used [0x00000000fe900000,0x00000000fe900000,0x0000000100000000)
 ParOldGen       total 258560K, used 37932K [0x00000000e0000000, 0x00000000efc80000, 0x00000000f5580000)
  object space 258560K, 14% used [0x00000000e0000000,0x00000000e250b1c8,0x00000000efc80000)
 Metaspace       used 76190K, capacity 80024K, committed 80384K, reserved 1118208K
  class space    used 10114K, capacity 10902K, committed 11008K, reserved 1048576K
Event: 78.455 GC heap after
Heap after GC invocations=19 (full 3):
 PSYoungGen      total 126464K, used 23542K [0x00000000f5580000, 0x0000000100000000, 0x0000000100000000)
  eden space 102912K, 0% used [0x00000000f5580000,0x00000000f5580000,0x00000000fba00000)
  from space 23552K, 99% used [0x00000000fe900000,0x00000000ffffdb80,0x0000000100000000)
  to   space 35840K, 0% used [0x00000000fba00000,0x00000000fba00000,0x00000000fdd00000)
 ParOldGen       total 258560K, used 55854K [0x00000000e0000000, 0x00000000efc80000, 0x00000000f5580000)
  object space 258560K, 21% used [0x00000000e0000000,0x00000000e368bb10,0x00000000efc80000)
 Metaspace       used 76190K, capacity 80024K, committed 80384K, reserved 1118208K
  class space    used 10114K, capacity 10902K, committed 11008K, reserved 1048576K
}
Event: 130.982 GC heap before
{Heap before GC invocations=20 (full 3):
 PSYoungGen      total 126464K, used 126454K [0x00000000f5580000, 0x0000000100000000, 0x0000000100000000)
  eden space 102912K, 100% used [0x00000000f5580000,0x00000000fba00000,0x00000000fba00000)
  from space 23552K, 99% used [0x00000000fe900000,0x00000000ffffdb80,0x0000000100000000)
  to   space 35840K, 0% used [0x00000000fba00000,0x00000000fba00000,0x00000000fdd00000)
 ParOldGen       total 258560K, used 55854K [0x00000000e0000000, 0x00000000efc80000, 0x00000000f5580000)
  object space 258560K, 21% used [0x00000000e0000000,0x00000000e368bb10,0x00000000efc80000)
 Metaspace       used 80277K, capacity 84398K, committed 84480K, reserved 1122304K
  class space    used 10437K, capacity 11261K, committed 11264K, reserved 1048576K
Event: 130.998 GC heap after
Heap after GC invocations=20 (full 3):
 PSYoungGen      total 138752K, used 16010K [0x00000000f5580000, 0x0000000100000000, 0x0000000100000000)
  eden space 102912K, 0% used [0x00000000f5580000,0x00000000f5580000,0x00000000fba00000)
  from space 35840K, 44% used [0x00000000fba00000,0x00000000fc9a2af0,0x00000000fdd00000)
  to   space 34304K, 0% used [0x00000000fde80000,0x00000000fde80000,0x0000000100000000)
 ParOldGen       total 258560K, used 67953K [0x00000000e0000000, 0x00000000efc80000, 0x00000000f5580000)
  object space 258560K, 26% used [0x00000000e0000000,0x00000000e425c550,0x00000000efc80000)
 Metaspace       used 80277K, capacity 84398K, committed 84480K, reserved 1122304K
  class space    used 10437K, capacity 11261K, committed 11264K, reserved 1048576K
}
Event: 138.162 GC heap before
{Heap before GC invocations=21 (full 3):
 PSYoungGen      total 138752K, used 118922K [0x00000000f5580000, 0x0000000100000000, 0x0000000100000000)
  eden space 102912K, 100% used [0x00000000f5580000,0x00000000fba00000,0x00000000fba00000)
  from space 35840K, 44% used [0x00000000fba00000,0x00000000fc9a2af0,0x00000000fdd00000)
  to   space 34304K, 0% used [0x00000000fde80000,0x00000000fde80000,0x0000000100000000)
 ParOldGen       total 258560K, used 67953K [0x00000000e0000000, 0x00000000efc80000, 0x00000000f5580000)
  object space 258560K, 26% used [0x00000000e0000000,0x00000000e425c550,0x00000000efc80000)
 Metaspace       used 82015K, capacity 86060K, committed 86272K, reserved 1124352K
  class space    used 10623K, capacity 11506K, committed 11520K, reserved 1048576K
Event: 138.173 GC heap after
Heap after GC invocations=21 (full 3):
 PSYoungGen      total 134144K, used 17097K [0x00000000f5580000, 0x00000000ffb80000, 0x0000000100000000)
  eden space 104448K, 0% used [0x00000000f5580000,0x00000000f5580000,0x00000000fbb80000)
  from space 29696K, 57% used [0x00000000fde80000,0x00000000fef32730,0x00000000ffb80000)
  to   space 32768K, 0% used [0x00000000fbb80000,0x00000000fbb80000,0x00000000fdb80000)
 ParOldGen       total 258560K, used 67961K [0x00000000e0000000, 0x00000000efc80000, 0x00000000f5580000)
  object space 258560K, 26% used [0x00000000e0000000,0x00000000e425e550,0x00000000efc80000)
 Metaspace       used 82015K, capacity 86060K, committed 86272K, reserved 1124352K
  class space    used 10623K, capacity 11506K, committed 11520K, reserved 1048576K
}
Event: 140.386 GC heap before
{Heap before GC invocations=22 (full 3):
 PSYoungGen      total 134144K, used 121545K [0x00000000f5580000, 0x00000000ffb80000, 0x0000000100000000)
  eden space 104448K, 100% used [0x00000000f5580000,0x00000000fbb80000,0x00000000fbb80000)
  from space 29696K, 57% used [0x00000000fde80000,0x00000000fef32730,0x00000000ffb80000)
  to   space 32768K, 0% used [0x00000000fbb80000,0x00000000fbb80000,0x00000000fdb80000)
 ParOldGen       total 258560K, used 67961K [0x00000000e0000000, 0x00000000efc80000, 0x00000000f5580000)
  object space 258560K, 26% used [0x00000000e0000000,0x00000000e425e550,0x00000000efc80000)
 Metaspace       used 84351K, capacity 88726K, committed 89088K, reserved 1126400K
  class space    used 10992K, capacity 11921K, committed 12032K, reserved 1048576K
Event: 140.399 GC heap after
Heap after GC invocations=22 (full 3):
 PSYoungGen      total 137216K, used 14982K [0x00000000f5580000, 0x0000000100000000, 0x0000000100000000)
  eden space 104448K, 0% used [0x00000000f5580000,0x00000000f5580000,0x00000000fbb80000)
  from space 32768K, 45% used [0x00000000fbb80000,0x00000000fca21b50,0x00000000fdb80000)
  to   space 31232K, 0% used [0x00000000fe180000,0x00000000fe180000,0x0000000100000000)
 ParOldGen       total 258560K, used 67969K [0x00000000e0000000, 0x00000000efc80000, 0x00000000f5580000)
  object space 258560K, 26% used [0x00000000e0000000,0x00000000e4260550,0x00000000efc80000)
 Metaspace       used 84351K, capacity 88726K, committed 89088K, reserved 1126400K
  class space    used 10992K, capacity 11921K, committed 12032K, reserved 1048576K
}

Deoptimization events (10 events):
Event: 357.576 Thread 0x000000001b5d9800 Uncommon trap: reason=class_check action=maybe_recompile pc=0x0000000005369028 method=com.sun.org.apache.xerces.internal.dom.NamedNodeMapImpl.findNamePoint(Ljava/lang/String;I)I @ 54
Event: 360.257 Thread 0x000000001b5dc800 Uncommon trap: reason=unstable_if action=reinterpret pc=0x00000000046d133c method=com.sun.org.apache.xerces.internal.impl.XMLDocumentFragmentScannerImpl$FragmentContentDriver.next()I @ 971
Event: 360.272 Thread 0x000000001b5dc800 Uncommon trap: reason=class_check action=maybe_recompile pc=0x00000000053570e8 method=java.util.regex.Pattern$Curly.match1(Ljava/util/regex/Matcher;IILjava/lang/CharSequence;)Z @ 8
Event: 360.272 Thread 0x000000001b5dc800 Uncommon trap: reason=class_check action=maybe_recompile pc=0x00000000053570e8 method=java.util.regex.Pattern$Curly.match1(Ljava/util/regex/Matcher;IILjava/lang/CharSequence;)Z @ 8
Event: 360.279 Thread 0x000000001b5dc800 Uncommon trap: reason=bimorphic action=maybe_recompile pc=0x000000000441a504 method=com.google.common.collect.ImmutableList.hashCode()I @ 23
Event: 360.279 Thread 0x000000001b5dc800 Uncommon trap: reason=bimorphic action=maybe_recompile pc=0x000000000441a504 method=com.google.common.collect.ImmutableList.hashCode()I @ 23
Event: 360.279 Thread 0x000000001b5dc800 Uncommon trap: reason=bimorphic action=maybe_recompile pc=0x000000000441a504 method=com.google.common.collect.ImmutableList.hashCode()I @ 23
Event: 360.295 Thread 0x000000001b5dc800 Uncommon trap: reason=class_check action=maybe_recompile pc=0x00000000053570e8 method=java.util.regex.Pattern$Curly.match1(Ljava/util/regex/Matcher;IILjava/lang/CharSequence;)Z @ 8
Event: 360.295 Thread 0x000000001b5dc800 Uncommon trap: reason=class_check action=maybe_recompile pc=0x00000000053570e8 method=java.util.regex.Pattern$Curly.match1(Ljava/util/regex/Matcher;IILjava/lang/CharSequence;)Z @ 8
Event: 360.302 Thread 0x000000001b5dc800 Uncommon trap: reason=bimorphic action=maybe_recompile pc=0x000000000441a504 method=com.google.common.collect.ImmutableList.hashCode()I @ 23

Classes redefined (0 events):
No events

Internal exceptions (10 events):
Event: 356.977 Thread 0x000000001a329800 Exception <a 'java/lang/ClassNotFoundException': org/jetbrains/kotlin/kapt/idea/KaptModelBuilderServiceCustomizer> (0x00000000f65e9eb8) thrown at [D:\src\AOSP-openjdk-cygwin\jdk8u\hotspot\src\share\vm\classfile\systemDictionary.cpp, line 210]
Event: 356.984 Thread 0x000000001a329800 Exception <a 'java/lang/ClassNotFoundException': BuildScriptClasspathModelBuilderPluginBeanInfo> (0x00000000f6642868) thrown at [D:\src\AOSP-openjdk-cygwin\jdk8u\hotspot\src\share\vm\classfile\systemDictionary.cpp, line 210]
Event: 356.985 Thread 0x000000001a329800 Exception <a 'java/lang/ClassNotFoundException': BuildScriptClasspathModelBuilderPluginCustomizer> (0x00000000f66505d0) thrown at [D:\src\AOSP-openjdk-cygwin\jdk8u\hotspot\src\share\vm\classfile\systemDictionary.cpp, line 210]
Event: 356.987 Thread 0x000000001a329800 Exception <a 'java/lang/ClassNotFoundException': BuildScriptClasspathModelBuilderBeanInfo> (0x00000000f668dc18) thrown at [D:\src\AOSP-openjdk-cygwin\jdk8u\hotspot\src\share\vm\classfile\systemDictionary.cpp, line 210]
Event: 356.988 Thread 0x000000001a329800 Exception <a 'java/lang/ClassNotFoundException': BuildScriptClasspathModelBuilderCustomizer> (0x00000000f669b540) thrown at [D:\src\AOSP-openjdk-cygwin\jdk8u\hotspot\src\share\vm\classfile\systemDictionary.cpp, line 210]
Event: 356.991 Thread 0x000000001a329800 Exception <a 'java/lang/ClassNotFoundException': org/jetbrains/plugins/gradle/tooling/builder/ModelBuildScriptClasspathBuilderImplBeanInfo> (0x00000000f66edb50) thrown at [D:\src\AOSP-openjdk-cygwin\jdk8u\hotspot\src\share\vm\classfile\systemDictionary.cp
Event: 356.992 Thread 0x000000001a329800 Exception <a 'java/lang/ClassNotFoundException': org/jetbrains/plugins/gradle/tooling/builder/ModelBuildScriptClasspathBuilderImplCustomizer> (0x00000000f66fa908) thrown at [D:\src\AOSP-openjdk-cygwin\jdk8u\hotspot\src\share\vm\classfile\systemDictionary.
Event: 357.067 Thread 0x000000001a329800 Exception <a 'java/lang/ClassNotFoundException': build_f0m84r3kbje0usjq77xmach5zBeanInfo> (0x00000000f6a77298) thrown at [D:\src\AOSP-openjdk-cygwin\jdk8u\hotspot\src\share\vm\classfile\systemDictionary.cpp, line 210]
Event: 357.067 Thread 0x000000001a329800 Exception <a 'java/lang/ClassNotFoundException': build_f0m84r3kbje0usjq77xmach5zCustomizer> (0x00000000f6a83278) thrown at [D:\src\AOSP-openjdk-cygwin\jdk8u\hotspot\src\share\vm\classfile\systemDictionary.cpp, line 210]
Event: 364.387 Thread 0x000000001b5dc800 Exception <a 'java/net/SocketTimeoutException': Read timed out> (0x00000000f7a73b80) thrown at [D:\src\AOSP-openjdk-cygwin\jdk8u\hotspot\src\share\vm\prims\jni.cpp, line 736]

Events (10 events):
Event: 363.591 Executing VM operation: RevokeBias
Event: 363.591 Executing VM operation: RevokeBias done
Event: 363.591 Executing VM operation: RevokeBias
Event: 363.592 Executing VM operation: RevokeBias done
Event: 363.592 Executing VM operation: RevokeBias
Event: 363.592 Executing VM operation: RevokeBias done
Event: 363.593 Executing VM operation: RevokeBias
Event: 363.593 Executing VM operation: RevokeBias done
Event: 364.366 Executing VM operation: RevokeBias
Event: 364.366 Executing VM operation: RevokeBias done


Dynamic libraries:
0x00007ff6e3ad0000 - 0x00007ff6e3b01000 	C:\Program Files\Android\Android Studio\jre\bin\java.exe
0x00007ffea3df0000 - 0x00007ffea3fdd000 	C:\WINDOWS\SYSTEM32\ntdll.dll
0x00007ffea35b0000 - 0x00007ffea3663000 	C:\WINDOWS\System32\KERNEL32.DLL
0x00007ffe9ff50000 - 0x00007ffea01e3000 	C:\WINDOWS\System32\KERNELBASE.dll
0x00007ffea38d0000 - 0x00007ffea3973000 	C:\WINDOWS\System32\ADVAPI32.dll
0x00007ffea3100000 - 0x00007ffea319e000 	C:\WINDOWS\System32\msvcrt.dll
0x00007ffea17e0000 - 0x00007ffea187e000 	C:\WINDOWS\System32\sechost.dll
0x00007ffea18e0000 - 0x00007ffea1a02000 	C:\WINDOWS\System32\RPCRT4.dll
0x00007ffea14f0000 - 0x00007ffea1687000 	C:\WINDOWS\System32\USER32.dll
0x00007ffea01f0000 - 0x00007ffea0210000 	C:\WINDOWS\System32\win32u.dll
0x00007ffea17b0000 - 0x00007ffea17d9000 	C:\WINDOWS\System32\GDI32.dll
0x00007ffea0cf0000 - 0x00007ffea0e89000 	C:\WINDOWS\System32\gdi32full.dll
0x00007ffe9feb0000 - 0x00007ffe9ff50000 	C:\WINDOWS\System32\msvcp_win.dll
0x00007ffea0e90000 - 0x00007ffea0f8a000 	C:\WINDOWS\System32\ucrtbase.dll
0x00007ffe8e440000 - 0x00007ffe8e6b9000 	C:\WINDOWS\WinSxS\amd64_microsoft.windows.common-controls_6595b64144ccf1df_6.0.17763.737_none_05b6437c071e554b\COMCTL32.dll
0x00007ffea3a90000 - 0x00007ffea3dbc000 	C:\WINDOWS\System32\combase.dll
0x00007ffea0f90000 - 0x00007ffea100e000 	C:\WINDOWS\System32\bcryptPrimitives.dll
0x00007ffea1690000 - 0x00007ffea16be000 	C:\WINDOWS\System32\IMM32.DLL
0x00007ffe687b0000 - 0x00007ffe688ac000 	C:\Program Files\Diebold\Warsaw\wslbscrwh64.dll
0x00007ffe9ef60000 - 0x00007ffe9ef91000 	C:\WINDOWS\SYSTEM32\ntmarta.dll
0x00007ffe6ad60000 - 0x00007ffe6ae7f000 	C:\Program Files\Diebold\Warsaw\wslbscr64.dll
0x00007ffea1aa0000 - 0x00007ffea2f92000 	C:\WINDOWS\System32\SHELL32.dll
0x00007ffea03f0000 - 0x00007ffea043a000 	C:\WINDOWS\System32\cfgmgr32.dll
0x00007ffea3500000 - 0x00007ffea35a8000 	C:\WINDOWS\System32\shcore.dll
0x00007ffea0440000 - 0x00007ffea0b8a000 	C:\WINDOWS\System32\windows.storage.dll
0x00007ffe9fe40000 - 0x00007ffe9fe64000 	C:\WINDOWS\System32\profapi.dll
0x00007ffe9fde0000 - 0x00007ffe9fe3d000 	C:\WINDOWS\System32\powrprof.dll
0x00007ffea3980000 - 0x00007ffea39d2000 	C:\WINDOWS\System32\shlwapi.dll
0x00007ffe9fe70000 - 0x00007ffe9fe81000 	C:\WINDOWS\System32\kernel.appcore.dll
0x00007ffea0c40000 - 0x00007ffea0c57000 	C:\WINDOWS\System32\cryptsp.dll
0x0000000052b50000 - 0x0000000052c22000 	C:\Program Files\Android\Android Studio\jre\jre\bin\msvcr100.dll
0x00000000514e0000 - 0x0000000051d26000 	C:\Program Files\Android\Android Studio\jre\jre\bin\server\jvm.dll
0x00007ffea3840000 - 0x00007ffea3848000 	C:\WINDOWS\System32\PSAPI.DLL
0x00007ffe88870000 - 0x00007ffe88879000 	C:\WINDOWS\SYSTEM32\WSOCK32.dll
0x0000000002a40000 - 0x0000000002aad000 	C:\WINDOWS\System32\WS2_32.dll
0x00007ffe96220000 - 0x00007ffe96244000 	C:\WINDOWS\SYSTEM32\WINMM.dll
0x00007ffe993c0000 - 0x00007ffe993ca000 	C:\WINDOWS\SYSTEM32\VERSION.dll
0x00007ffe961f0000 - 0x00007ffe9621d000 	C:\WINDOWS\SYSTEM32\WINMMBASE.dll
0x00007ffe9ac00000 - 0x00007ffe9ac0f000 	C:\Program Files\Android\Android Studio\jre\jre\bin\verify.dll
0x00007ffe95b00000 - 0x00007ffe95b29000 	C:\Program Files\Android\Android Studio\jre\jre\bin\java.dll
0x00007ffe8b270000 - 0x00007ffe8b286000 	C:\Program Files\Android\Android Studio\jre\jre\bin\zip.dll
0x00007ffe8b130000 - 0x00007ffe8b14a000 	C:\Program Files\Android\Android Studio\jre\jre\bin\net.dll
0x00007ffe9f650000 - 0x00007ffe9f6b7000 	C:\WINDOWS\system32\mswsock.dll
0x00007ffe8a510000 - 0x00007ffe8a521000 	C:\Program Files\Android\Android Studio\jre\jre\bin\nio.dll
0x00007ffe88940000 - 0x00007ffe88966000 	C:\Users\Rodrigo\.gradle\native\29\windows-amd64\native-platform.dll
0x00007ffe9ab90000 - 0x00007ffe9ab9d000 	C:\Program Files\Android\Android Studio\jre\jre\bin\management.dll
0x00007ffe9f1d0000 - 0x00007ffe9f203000 	C:\WINDOWS\system32\rsaenh.dll
0x00007ffea0cc0000 - 0x00007ffea0ce6000 	C:\WINDOWS\System32\bcrypt.dll
0x00007ffe9fce0000 - 0x00007ffe9fd08000 	C:\WINDOWS\SYSTEM32\USERENV.dll
0x00007ffe9f820000 - 0x00007ffe9f82c000 	C:\WINDOWS\SYSTEM32\CRYPTBASE.dll
0x00007ffe9f370000 - 0x00007ffe9f3ad000 	C:\WINDOWS\SYSTEM32\IPHLPAPI.DLL
0x0000000019100000 - 0x0000000019108000 	C:\WINDOWS\System32\NSI.dll
0x00007ffe96bc0000 - 0x00007ffe96bd6000 	C:\WINDOWS\SYSTEM32\dhcpcsvc6.DLL
0x00007ffe96de0000 - 0x00007ffe96dfc000 	C:\WINDOWS\SYSTEM32\dhcpcsvc.DLL
0x00007ffe9f3b0000 - 0x00007ffe9f476000 	C:\WINDOWS\SYSTEM32\DNSAPI.dll
0x00007ffe99430000 - 0x00007ffe99454000 	C:\Program Files\Android\Android Studio\jre\jre\bin\sunec.dll
0x00007ffe8d0e0000 - 0x00007ffe8d0ea000 	C:\Windows\System32\rasadhlp.dll
0x00007ffe8d0f0000 - 0x00007ffe8d169000 	C:\WINDOWS\System32\fwpuclnt.dll
0x00007ffe9d0a0000 - 0x00007ffe9d0ab000 	C:\Program Files\Android\Android Studio\jre\jre\bin\sunmscapi.dll
0x0000000024560000 - 0x000000002473b000 	C:\WINDOWS\System32\CRYPT32.dll
0x00007ffe9fe90000 - 0x00007ffe9fea2000 	C:\WINDOWS\System32\MSASN1.dll

VM Arguments:
jvm_args: -XX:MaxMetaspaceSize=256m -XX:+HeapDumpOnOutOfMemoryError -Xms256m -Xmx512m -Dfile.encoding=windows-1252 -Duser.country=US -Duser.language=en -Duser.variant 
java_command: org.gradle.launcher.daemon.bootstrap.GradleDaemon 5.5
java_class_path (initial): C:\Users\Rodrigo\.gradle\wrapper\dists\gradle-5.5-all\byeise1led9a3w3p149d02kfj\gradle-5.5\lib\gradle-launcher-5.5.jar
Launcher Type: SUN_STANDARD

Environment Variables:
JAVA_HOME=C:\Program Files\Java\jdk1.8.0_211
JRE_HOME=C:\Program Files (x86)\Java\jre7
PATH=C:\Program Files (x86)\Common Files\Oracle\Java\javapath;C:\Windows\system32;C:\Windows;C:\Windows\System32\Wbem;C:\Windows\System32\WindowsPowerShell\v1.0\;C:\Windows\System32\OpenSSH\;C:\Program Files (x86)\NVIDIA Corporation\PhysX\Common;C:\Program Files\Git\cmd;C:\Program Files (x86)\Microsoft SQL Server\110\Tools\Binn\ManagementStudio\;C:\Program Files (x86)\Microsoft SQL Server\110\Tools\Binn\;C:\Program Files\Microsoft SQL Server\110\Tools\Binn\;C:\Program Files (x86)\Microsoft SQL Server\110\DTS\Binn\;C:\Program Files (x86)\Microsoft SQL Server\Client SDK\ODBC\130\Tools\Binn\;C:\Program Files (x86)\Microsoft SQL Server\140\Tools\Binn\;C:\Program Files (x86)\Microsoft SQL Server\140\DTS\Binn\;C:\Program Files (x86)\Microsoft SQL Server\140\Tools\Binn\ManagementStudio\;C:\WINDOWS\system32;C:\WINDOWS;C:\WINDOWS\System32\Wbem;C:\WINDOWS\System32\WindowsPowerShell\v1.0\;C:\WINDOWS\System32\OpenSSH\;C:\Program Files (x86)\PuTTY\;C:\Program Files\TortoiseSVN\bin;C:\Program Files (x86)\Windows Kits\8.1\Windows Performance Toolkit\;C:\Program Files\nodejs\;C:\Users\Rodrigo\AppData\Local\Microsoft\WindowsApps;C:\Users\Rodrigo\AppData\Local\Programs\Microsoft VS Code\bin;C:\Program Files (x86)\Java\jdk1.7.0_10\bin;C:\Users\Rodrigo\AppData\Roaming\npm
USERNAME=Rodrigo
OS=Windows_NT
PROCESSOR_IDENTIFIER=Intel64 Family 6 Model 94 Stepping 3, GenuineIntel



---------------  S Y S T E M  ---------------

OS: Windows 10.0 , 64 bit Build 17763 (10.0.17763.475)

CPU:total 8 (initial active 8) (4 cores per cpu, 2 threads per core) family 6 model 94 stepping 3, cmov, cx8, fxsr, mmx, sse, sse2, sse3, ssse3, sse4.1, sse4.2, popcnt, avx, avx2, aes, clmul, erms, rtm, 3dnowpref, lzcnt, ht, tsc, tscinvbit, bmi1, bmi2, adx

Memory: 4k page, physical 16647104k(2018656k free), swap 16647104k(5456k free)

vm_info: OpenJDK 64-Bit Server VM (25.202-b03) for windows-amd64 JRE (1.8.0_202-release-1483-b03), built by "builder" with MS VC++ 10.0 (VS2010)

time: Mon Sep 30 10:39:17 2019
timezone: E. South America Standard Time
elapsed time: 364 seconds (0d 0h 6m 4s)

